2014-05-30T00:45:32+00:00 ERR (3): 
exception 'PDOException' with message 'SQLSTATE[23000]: Integrity constraint violation: 1062 Duplicate entry '257' for key 'PRIMARY'' in /opt/digital/magento/lib/Zend/Db/Statement/Pdo.php:228
Stack trace:
#0 /opt/digital/magento/lib/Zend/Db/Statement/Pdo.php(228): PDOStatement->execute(Array)
#1 /opt/digital/magento/lib/Varien/Db/Statement/Pdo/Mysql.php(110): Zend_Db_Statement_Pdo->_execute(Array)
#2 /opt/digital/magento/lib/Zend/Db/Statement.php(300): Varien_Db_Statement_Pdo_Mysql->_execute(Array)
#3 /opt/digital/magento/lib/Zend/Db/Adapter/Abstract.php(479): Zend_Db_Statement->execute(Array)
#4 /opt/digital/magento/lib/Zend/Db/Adapter/Pdo/Abstract.php(238): Zend_Db_Adapter_Abstract->query('INSERT INTO `lo...', Array)
#5 /opt/digital/magento/lib/Varien/Db/Adapter/Pdo/Mysql.php(419): Zend_Db_Adapter_Pdo_Abstract->query('INSERT INTO `lo...', Array)
#6 /opt/digital/magento/lib/Zend/Db/Adapter/Abstract.php(574): Varien_Db_Adapter_Pdo_Mysql->query('INSERT INTO `lo...', Array)
#7 /opt/digital/magento/app/code/core/Mage/Log/Model/Resource/Visitor.php(241): Zend_Db_Adapter_Abstract->insert('log_quote', Array)
#8 /opt/digital/magento/app/code/core/Mage/Log/Model/Resource/Visitor.php(116): Mage_Log_Model_Resource_Visitor->_saveQuoteInfo(Object(Mage_Log_Model_Visitor))
#9 /opt/digital/magento/app/code/core/Mage/Core/Model/Resource/Db/Abstract.php(458): Mage_Log_Model_Resource_Visitor->_afterSave(Object(Mage_Log_Model_Visitor))
#10 /opt/digital/magento/app/code/core/Mage/Core/Model/Abstract.php(318): Mage_Core_Model_Resource_Db_Abstract->save(Object(Mage_Log_Model_Visitor))
#11 /opt/digital/magento/app/code/core/Mage/Log/Model/Visitor.php(188): Mage_Core_Model_Abstract->save()
#12 /opt/digital/magento/app/code/core/Mage/Core/Model/App.php(1303): Mage_Log_Model_Visitor->saveByRequest(Object(Varien_Event_Observer))
#13 /opt/digital/magento/app/code/core/Mage/Core/Model/App.php(1284): Mage_Core_Model_App->_callObserverMethod(Object(Mage_Log_Model_Visitor), 'saveByRequest', Object(Varien_Event_Observer))
#14 /opt/digital/magento/app/Mage.php(416): Mage_Core_Model_App->dispatchEvent('controller_acti...', Array)
#15 /opt/digital/magento/app/code/core/Mage/Core/Controller/Varien/Action.php(534): Mage::dispatchEvent('controller_acti...', Array)
#16 /opt/digital/magento/app/code/core/Mage/Core/Controller/Front/Action.php(70): Mage_Core_Controller_Varien_Action->postDispatch()
#17 /opt/digital/magento/app/code/core/Mage/Core/Controller/Varien/Action.php(424): Mage_Core_Controller_Front_Action->postDispatch()
#18 /opt/digital/magento/app/code/core/Mage/Core/Controller/Varien/Router/Standard.php(250): Mage_Core_Controller_Varien_Action->dispatch('add')
#19 /opt/digital/magento/app/code/core/Mage/Core/Controller/Varien/Front.php(176): Mage_Core_Controller_Varien_Router_Standard->match(Object(Mage_Core_Controller_Request_Http))
#20 /opt/digital/magento/app/code/core/Mage/Core/Model/App.php(349): Mage_Core_Controller_Varien_Front->dispatch()
#21 /opt/digital/magento/app/Mage.php(640): Mage_Core_Model_App->run(Array)
#22 /opt/digital/magento/index.php(87): Mage::run('', 'store')
#23 {main}

Next exception 'Zend_Db_Statement_Exception' with message 'SQLSTATE[23000]: Integrity constraint violation: 1062 Duplicate entry '257' for key 'PRIMARY'' in /opt/digital/magento/lib/Zend/Db/Statement/Pdo.php:234
Stack trace:
#0 /opt/digital/magento/lib/Varien/Db/Statement/Pdo/Mysql.php(110): Zend_Db_Statement_Pdo->_execute(Array)
#1 /opt/digital/magento/lib/Zend/Db/Statement.php(300): Varien_Db_Statement_Pdo_Mysql->_execute(Array)
#2 /opt/digital/magento/lib/Zend/Db/Adapter/Abstract.php(479): Zend_Db_Statement->execute(Array)
#3 /opt/digital/magento/lib/Zend/Db/Adapter/Pdo/Abstract.php(238): Zend_Db_Adapter_Abstract->query('INSERT INTO `lo...', Array)
#4 /opt/digital/magento/lib/Varien/Db/Adapter/Pdo/Mysql.php(419): Zend_Db_Adapter_Pdo_Abstract->query('INSERT INTO `lo...', Array)
#5 /opt/digital/magento/lib/Zend/Db/Adapter/Abstract.php(574): Varien_Db_Adapter_Pdo_Mysql->query('INSERT INTO `lo...', Array)
#6 /opt/digital/magento/app/code/core/Mage/Log/Model/Resource/Visitor.php(241): Zend_Db_Adapter_Abstract->insert('log_quote', Array)
#7 /opt/digital/magento/app/code/core/Mage/Log/Model/Resource/Visitor.php(116): Mage_Log_Model_Resource_Visitor->_saveQuoteInfo(Object(Mage_Log_Model_Visitor))
#8 /opt/digital/magento/app/code/core/Mage/Core/Model/Resource/Db/Abstract.php(458): Mage_Log_Model_Resource_Visitor->_afterSave(Object(Mage_Log_Model_Visitor))
#9 /opt/digital/magento/app/code/core/Mage/Core/Model/Abstract.php(318): Mage_Core_Model_Resource_Db_Abstract->save(Object(Mage_Log_Model_Visitor))
#10 /opt/digital/magento/app/code/core/Mage/Log/Model/Visitor.php(188): Mage_Core_Model_Abstract->save()
#11 /opt/digital/magento/app/code/core/Mage/Core/Model/App.php(1303): Mage_Log_Model_Visitor->saveByRequest(Object(Varien_Event_Observer))
#12 /opt/digital/magento/app/code/core/Mage/Core/Model/App.php(1284): Mage_Core_Model_App->_callObserverMethod(Object(Mage_Log_Model_Visitor), 'saveByRequest', Object(Varien_Event_Observer))
#13 /opt/digital/magento/app/Mage.php(416): Mage_Core_Model_App->dispatchEvent('controller_acti...', Array)
#14 /opt/digital/magento/app/code/core/Mage/Core/Controller/Varien/Action.php(534): Mage::dispatchEvent('controller_acti...', Array)
#15 /opt/digital/magento/app/code/core/Mage/Core/Controller/Front/Action.php(70): Mage_Core_Controller_Varien_Action->postDispatch()
#16 /opt/digital/magento/app/code/core/Mage/Core/Controller/Varien/Action.php(424): Mage_Core_Controller_Front_Action->postDispatch()
#17 /opt/digital/magento/app/code/core/Mage/Core/Controller/Varien/Router/Standard.php(250): Mage_Core_Controller_Varien_Action->dispatch('add')
#18 /opt/digital/magento/app/code/core/Mage/Core/Controller/Varien/Front.php(176): Mage_Core_Controller_Varien_Router_Standard->match(Object(Mage_Core_Controller_Request_Http))
#19 /opt/digital/magento/app/code/core/Mage/Core/Model/App.php(349): Mage_Core_Controller_Varien_Front->dispatch()
#20 /opt/digital/magento/app/Mage.php(640): Mage_Core_Model_App->run(Array)
#21 /opt/digital/magento/index.php(87): Mage::run('', 'store')
#22 {main}
2014-07-17T07:58:28+00:00 ERR (3): 
exception 'Mage_Core_Exception' with message 'Invalid block type: Mage_Customer_Block_Form_Changepassword' in /opt/digital/magento/app/Mage.php:565
Stack trace:
#0 /opt/digital/magento/app/code/core/Mage/Core/Model/Layout.php(469): Mage::throwException('Invalid block t...')
#1 /opt/digital/magento/app/code/core/Mage/Core/Model/Layout.php(411): Mage_Core_Model_Layout->_getBlockInstance('customer/form_c...', Array)
#2 /opt/digital/magento/app/code/core/Mage/Core/Model/Layout.php(446): Mage_Core_Model_Layout->createBlock('customer/form_c...', 'customer_change...')
#3 /opt/digital/magento/app/code/core/Mage/Core/Model/Layout.php(238): Mage_Core_Model_Layout->addBlock('customer/form_c...', 'customer_change...')
#4 /opt/digital/magento/app/code/core/Mage/Core/Model/Layout.php(204): Mage_Core_Model_Layout->_generateBlock(Object(Mage_Core_Model_Layout_Element), Object(Mage_Core_Model_Layout_Element))
#5 /opt/digital/magento/app/code/core/Mage/Core/Model/Layout.php(209): Mage_Core_Model_Layout->generateBlocks(Object(Mage_Core_Model_Layout_Element))
#6 /opt/digital/magento/app/code/core/Mage/Core/Controller/Varien/Action.php(345): Mage_Core_Model_Layout->generateBlocks()
#7 /opt/digital/magento/app/code/core/Mage/Core/Controller/Varien/Action.php(270): Mage_Core_Controller_Varien_Action->generateLayoutBlocks()
#8 /opt/digital/magento/app/code/core/Mage/Customer/controllers/AccountController.php(851): Mage_Core_Controller_Varien_Action->loadLayout()
#9 /opt/digital/magento/app/code/core/Mage/Core/Controller/Varien/Action.php(420): Mage_Customer_AccountController->changepasswordAction()
#10 /opt/digital/magento/app/code/core/Mage/Core/Controller/Varien/Router/Standard.php(250): Mage_Core_Controller_Varien_Action->dispatch('changepassword')
#11 /opt/digital/magento/app/code/core/Mage/Core/Controller/Varien/Front.php(176): Mage_Core_Controller_Varien_Router_Standard->match(Object(Mage_Core_Controller_Request_Http))
#12 /opt/digital/magento/app/code/core/Mage/Core/Model/App.php(349): Mage_Core_Controller_Varien_Front->dispatch()
#13 /opt/digital/magento/app/Mage.php(642): Mage_Core_Model_App->run(Array)
#14 /opt/digital/magento/index.php(87): Mage::run('', 'store')
#15 {main}
2014-07-17T07:58:43+00:00 ERR (3): 
exception 'Mage_Core_Exception' with message 'Invalid block type: Mage_Customer_Block_Form_Changepassword' in /opt/digital/magento/app/Mage.php:565
Stack trace:
#0 /opt/digital/magento/app/code/core/Mage/Core/Model/Layout.php(469): Mage::throwException('Invalid block t...')
#1 /opt/digital/magento/app/code/core/Mage/Core/Model/Layout.php(411): Mage_Core_Model_Layout->_getBlockInstance('customer/form_c...', Array)
#2 /opt/digital/magento/app/code/core/Mage/Core/Model/Layout.php(446): Mage_Core_Model_Layout->createBlock('customer/form_c...', 'customer_change...')
#3 /opt/digital/magento/app/code/core/Mage/Core/Model/Layout.php(238): Mage_Core_Model_Layout->addBlock('customer/form_c...', 'customer_change...')
#4 /opt/digital/magento/app/code/core/Mage/Core/Model/Layout.php(204): Mage_Core_Model_Layout->_generateBlock(Object(Mage_Core_Model_Layout_Element), Object(Mage_Core_Model_Layout_Element))
#5 /opt/digital/magento/app/code/core/Mage/Core/Model/Layout.php(209): Mage_Core_Model_Layout->generateBlocks(Object(Mage_Core_Model_Layout_Element))
#6 /opt/digital/magento/app/code/core/Mage/Core/Controller/Varien/Action.php(345): Mage_Core_Model_Layout->generateBlocks()
#7 /opt/digital/magento/app/code/core/Mage/Core/Controller/Varien/Action.php(270): Mage_Core_Controller_Varien_Action->generateLayoutBlocks()
#8 /opt/digital/magento/app/code/core/Mage/Customer/controllers/AccountController.php(851): Mage_Core_Controller_Varien_Action->loadLayout()
#9 /opt/digital/magento/app/code/core/Mage/Core/Controller/Varien/Action.php(420): Mage_Customer_AccountController->changepasswordAction()
#10 /opt/digital/magento/app/code/core/Mage/Core/Controller/Varien/Router/Standard.php(250): Mage_Core_Controller_Varien_Action->dispatch('changepassword')
#11 /opt/digital/magento/app/code/core/Mage/Core/Controller/Varien/Front.php(176): Mage_Core_Controller_Varien_Router_Standard->match(Object(Mage_Core_Controller_Request_Http))
#12 /opt/digital/magento/app/code/core/Mage/Core/Model/App.php(349): Mage_Core_Controller_Varien_Front->dispatch()
#13 /opt/digital/magento/app/Mage.php(642): Mage_Core_Model_App->run(Array)
#14 /opt/digital/magento/index.php(87): Mage::run('', 'store')
#15 {main}
2014-07-17T08:12:31+00:00 ERR (3): 
exception 'Mage_Core_Exception' with message 'Invalid block type: Mage_Customer_Block_Form_Changepassword' in /opt/digital/magento/app/Mage.php:565
Stack trace:
#0 /opt/digital/magento/app/code/core/Mage/Core/Model/Layout.php(469): Mage::throwException('Invalid block t...')
#1 /opt/digital/magento/app/code/core/Mage/Core/Model/Layout.php(411): Mage_Core_Model_Layout->_getBlockInstance('customer/form_c...', Array)
#2 /opt/digital/magento/app/code/core/Mage/Core/Model/Layout.php(446): Mage_Core_Model_Layout->createBlock('customer/form_c...', 'customer_change...')
#3 /opt/digital/magento/app/code/core/Mage/Core/Model/Layout.php(238): Mage_Core_Model_Layout->addBlock('customer/form_c...', 'customer_change...')
#4 /opt/digital/magento/app/code/core/Mage/Core/Model/Layout.php(204): Mage_Core_Model_Layout->_generateBlock(Object(Mage_Core_Model_Layout_Element), Object(Mage_Core_Model_Layout_Element))
#5 /opt/digital/magento/app/code/core/Mage/Core/Model/Layout.php(209): Mage_Core_Model_Layout->generateBlocks(Object(Mage_Core_Model_Layout_Element))
#6 /opt/digital/magento/app/code/core/Mage/Core/Controller/Varien/Action.php(345): Mage_Core_Model_Layout->generateBlocks()
#7 /opt/digital/magento/app/code/core/Mage/Core/Controller/Varien/Action.php(270): Mage_Core_Controller_Varien_Action->generateLayoutBlocks()
#8 /opt/digital/magento/app/code/core/Mage/Customer/controllers/AccountController.php(851): Mage_Core_Controller_Varien_Action->loadLayout()
#9 /opt/digital/magento/app/code/core/Mage/Core/Controller/Varien/Action.php(420): Mage_Customer_AccountController->changepasswordAction()
#10 /opt/digital/magento/app/code/core/Mage/Core/Controller/Varien/Router/Standard.php(250): Mage_Core_Controller_Varien_Action->dispatch('changepassword')
#11 /opt/digital/magento/app/code/core/Mage/Core/Controller/Varien/Front.php(176): Mage_Core_Controller_Varien_Router_Standard->match(Object(Mage_Core_Controller_Request_Http))
#12 /opt/digital/magento/app/code/core/Mage/Core/Model/App.php(349): Mage_Core_Controller_Varien_Front->dispatch()
#13 /opt/digital/magento/app/Mage.php(642): Mage_Core_Model_App->run(Array)
#14 /opt/digital/magento/index.php(87): Mage::run('', 'store')
#15 {main}
2014-07-17T08:13:15+00:00 ERR (3): 
exception 'Mage_Core_Exception' with message 'Invalid block type: Mage_Customer_Block_Form_Changepassword' in /opt/digital/magento/app/Mage.php:565
Stack trace:
#0 /opt/digital/magento/app/code/core/Mage/Core/Model/Layout.php(469): Mage::throwException('Invalid block t...')
#1 /opt/digital/magento/app/code/core/Mage/Core/Model/Layout.php(411): Mage_Core_Model_Layout->_getBlockInstance('customer/form_c...', Array)
#2 /opt/digital/magento/app/code/core/Mage/Core/Model/Layout.php(446): Mage_Core_Model_Layout->createBlock('customer/form_c...', 'customer_change...')
#3 /opt/digital/magento/app/code/core/Mage/Core/Model/Layout.php(238): Mage_Core_Model_Layout->addBlock('customer/form_c...', 'customer_change...')
#4 /opt/digital/magento/app/code/core/Mage/Core/Model/Layout.php(204): Mage_Core_Model_Layout->_generateBlock(Object(Mage_Core_Model_Layout_Element), Object(Mage_Core_Model_Layout_Element))
#5 /opt/digital/magento/app/code/core/Mage/Core/Model/Layout.php(209): Mage_Core_Model_Layout->generateBlocks(Object(Mage_Core_Model_Layout_Element))
#6 /opt/digital/magento/app/code/core/Mage/Core/Controller/Varien/Action.php(345): Mage_Core_Model_Layout->generateBlocks()
#7 /opt/digital/magento/app/code/core/Mage/Core/Controller/Varien/Action.php(270): Mage_Core_Controller_Varien_Action->generateLayoutBlocks()
#8 /opt/digital/magento/app/code/core/Mage/Customer/controllers/AccountController.php(851): Mage_Core_Controller_Varien_Action->loadLayout()
#9 /opt/digital/magento/app/code/core/Mage/Core/Controller/Varien/Action.php(420): Mage_Customer_AccountController->changepasswordAction()
#10 /opt/digital/magento/app/code/core/Mage/Core/Controller/Varien/Router/Standard.php(250): Mage_Core_Controller_Varien_Action->dispatch('changepassword')
#11 /opt/digital/magento/app/code/core/Mage/Core/Controller/Varien/Front.php(176): Mage_Core_Controller_Varien_Router_Standard->match(Object(Mage_Core_Controller_Request_Http))
#12 /opt/digital/magento/app/code/core/Mage/Core/Model/App.php(349): Mage_Core_Controller_Varien_Front->dispatch()
#13 /opt/digital/magento/app/Mage.php(642): Mage_Core_Model_App->run(Array)
#14 /opt/digital/magento/index.php(87): Mage::run('', 'store')
#15 {main}
2014-07-17T08:13:37+00:00 ERR (3): 
exception 'Mage_Core_Exception' with message 'Invalid block type: Mage_Customer_Block_Form_Changepassword' in /opt/digital/magento/app/Mage.php:565
Stack trace:
#0 /opt/digital/magento/app/code/core/Mage/Core/Model/Layout.php(469): Mage::throwException('Invalid block t...')
#1 /opt/digital/magento/app/code/core/Mage/Core/Model/Layout.php(411): Mage_Core_Model_Layout->_getBlockInstance('customer/form_c...', Array)
#2 /opt/digital/magento/app/code/core/Mage/Core/Model/Layout.php(446): Mage_Core_Model_Layout->createBlock('customer/form_c...', 'customer_change...')
#3 /opt/digital/magento/app/code/core/Mage/Core/Model/Layout.php(238): Mage_Core_Model_Layout->addBlock('customer/form_c...', 'customer_change...')
#4 /opt/digital/magento/app/code/core/Mage/Core/Model/Layout.php(204): Mage_Core_Model_Layout->_generateBlock(Object(Mage_Core_Model_Layout_Element), Object(Mage_Core_Model_Layout_Element))
#5 /opt/digital/magento/app/code/core/Mage/Core/Model/Layout.php(209): Mage_Core_Model_Layout->generateBlocks(Object(Mage_Core_Model_Layout_Element))
#6 /opt/digital/magento/app/code/core/Mage/Core/Controller/Varien/Action.php(345): Mage_Core_Model_Layout->generateBlocks()
#7 /opt/digital/magento/app/code/core/Mage/Core/Controller/Varien/Action.php(270): Mage_Core_Controller_Varien_Action->generateLayoutBlocks()
#8 /opt/digital/magento/app/code/core/Mage/Customer/controllers/AccountController.php(851): Mage_Core_Controller_Varien_Action->loadLayout()
#9 /opt/digital/magento/app/code/core/Mage/Core/Controller/Varien/Action.php(420): Mage_Customer_AccountController->changepasswordAction()
#10 /opt/digital/magento/app/code/core/Mage/Core/Controller/Varien/Router/Standard.php(250): Mage_Core_Controller_Varien_Action->dispatch('changepassword')
#11 /opt/digital/magento/app/code/core/Mage/Core/Controller/Varien/Front.php(176): Mage_Core_Controller_Varien_Router_Standard->match(Object(Mage_Core_Controller_Request_Http))
#12 /opt/digital/magento/app/code/core/Mage/Core/Model/App.php(349): Mage_Core_Controller_Varien_Front->dispatch()
#13 /opt/digital/magento/app/Mage.php(642): Mage_Core_Model_App->run(Array)
#14 /opt/digital/magento/index.php(87): Mage::run('', 'store')
#15 {main}
2014-07-17T08:13:53+00:00 ERR (3): 
exception 'Mage_Core_Exception' with message 'Invalid block type: Mage_Customer_Block_Form_Changepassword' in /opt/digital/magento/app/Mage.php:565
Stack trace:
#0 /opt/digital/magento/app/code/core/Mage/Core/Model/Layout.php(469): Mage::throwException('Invalid block t...')
#1 /opt/digital/magento/app/code/core/Mage/Core/Model/Layout.php(411): Mage_Core_Model_Layout->_getBlockInstance('customer/form_c...', Array)
#2 /opt/digital/magento/app/code/core/Mage/Core/Model/Layout.php(446): Mage_Core_Model_Layout->createBlock('customer/form_c...', 'customer_change...')
#3 /opt/digital/magento/app/code/core/Mage/Core/Model/Layout.php(238): Mage_Core_Model_Layout->addBlock('customer/form_c...', 'customer_change...')
#4 /opt/digital/magento/app/code/core/Mage/Core/Model/Layout.php(204): Mage_Core_Model_Layout->_generateBlock(Object(Mage_Core_Model_Layout_Element), Object(Mage_Core_Model_Layout_Element))
#5 /opt/digital/magento/app/code/core/Mage/Core/Model/Layout.php(209): Mage_Core_Model_Layout->generateBlocks(Object(Mage_Core_Model_Layout_Element))
#6 /opt/digital/magento/app/code/core/Mage/Core/Controller/Varien/Action.php(345): Mage_Core_Model_Layout->generateBlocks()
#7 /opt/digital/magento/app/code/core/Mage/Core/Controller/Varien/Action.php(270): Mage_Core_Controller_Varien_Action->generateLayoutBlocks()
#8 /opt/digital/magento/app/code/core/Mage/Customer/controllers/AccountController.php(851): Mage_Core_Controller_Varien_Action->loadLayout()
#9 /opt/digital/magento/app/code/core/Mage/Core/Controller/Varien/Action.php(420): Mage_Customer_AccountController->changepasswordAction()
#10 /opt/digital/magento/app/code/core/Mage/Core/Controller/Varien/Router/Standard.php(250): Mage_Core_Controller_Varien_Action->dispatch('changepassword')
#11 /opt/digital/magento/app/code/core/Mage/Core/Controller/Varien/Front.php(176): Mage_Core_Controller_Varien_Router_Standard->match(Object(Mage_Core_Controller_Request_Http))
#12 /opt/digital/magento/app/code/core/Mage/Core/Model/App.php(349): Mage_Core_Controller_Varien_Front->dispatch()
#13 /opt/digital/magento/app/Mage.php(642): Mage_Core_Model_App->run(Array)
#14 /opt/digital/magento/index.php(87): Mage::run('', 'store')
#15 {main}
2014-07-17T08:20:41+00:00 ERR (3): 
exception 'Mage_Core_Exception' with message 'Invalid block type: Mage_Customer_Block_Form_Changepassword' in /opt/digital/magento/app/Mage.php:565
Stack trace:
#0 /opt/digital/magento/app/code/core/Mage/Core/Model/Layout.php(469): Mage::throwException('Invalid block t...')
#1 /opt/digital/magento/app/code/core/Mage/Core/Model/Layout.php(411): Mage_Core_Model_Layout->_getBlockInstance('customer/form_c...', Array)
#2 /opt/digital/magento/app/code/core/Mage/Core/Model/Layout.php(446): Mage_Core_Model_Layout->createBlock('customer/form_c...', 'customer_change...')
#3 /opt/digital/magento/app/code/core/Mage/Core/Model/Layout.php(238): Mage_Core_Model_Layout->addBlock('customer/form_c...', 'customer_change...')
#4 /opt/digital/magento/app/code/core/Mage/Core/Model/Layout.php(204): Mage_Core_Model_Layout->_generateBlock(Object(Mage_Core_Model_Layout_Element), Object(Mage_Core_Model_Layout_Element))
#5 /opt/digital/magento/app/code/core/Mage/Core/Model/Layout.php(209): Mage_Core_Model_Layout->generateBlocks(Object(Mage_Core_Model_Layout_Element))
#6 /opt/digital/magento/app/code/core/Mage/Core/Controller/Varien/Action.php(345): Mage_Core_Model_Layout->generateBlocks()
#7 /opt/digital/magento/app/code/core/Mage/Core/Controller/Varien/Action.php(270): Mage_Core_Controller_Varien_Action->generateLayoutBlocks()
#8 /opt/digital/magento/app/code/core/Mage/Customer/controllers/AccountController.php(851): Mage_Core_Controller_Varien_Action->loadLayout()
#9 /opt/digital/magento/app/code/core/Mage/Core/Controller/Varien/Action.php(420): Mage_Customer_AccountController->changepasswordAction()
#10 /opt/digital/magento/app/code/core/Mage/Core/Controller/Varien/Router/Standard.php(250): Mage_Core_Controller_Varien_Action->dispatch('changepassword')
#11 /opt/digital/magento/app/code/core/Mage/Core/Controller/Varien/Front.php(176): Mage_Core_Controller_Varien_Router_Standard->match(Object(Mage_Core_Controller_Request_Http))
#12 /opt/digital/magento/app/code/core/Mage/Core/Model/App.php(349): Mage_Core_Controller_Varien_Front->dispatch()
#13 /opt/digital/magento/app/Mage.php(642): Mage_Core_Model_App->run(Array)
#14 /opt/digital/magento/index.php(87): Mage::run('', 'store')
#15 {main}
2014-07-17T08:20:52+00:00 ERR (3): 
exception 'Mage_Core_Exception' with message 'Invalid block type: Mage_Customer_Block_Form_Changepassword' in /opt/digital/magento/app/Mage.php:565
Stack trace:
#0 /opt/digital/magento/app/code/core/Mage/Core/Model/Layout.php(469): Mage::throwException('Invalid block t...')
#1 /opt/digital/magento/app/code/core/Mage/Core/Model/Layout.php(411): Mage_Core_Model_Layout->_getBlockInstance('customer/form_c...', Array)
#2 /opt/digital/magento/app/code/core/Mage/Core/Model/Layout.php(446): Mage_Core_Model_Layout->createBlock('customer/form_c...', 'customer_change...')
#3 /opt/digital/magento/app/code/core/Mage/Core/Model/Layout.php(238): Mage_Core_Model_Layout->addBlock('customer/form_c...', 'customer_change...')
#4 /opt/digital/magento/app/code/core/Mage/Core/Model/Layout.php(204): Mage_Core_Model_Layout->_generateBlock(Object(Mage_Core_Model_Layout_Element), Object(Mage_Core_Model_Layout_Element))
#5 /opt/digital/magento/app/code/core/Mage/Core/Model/Layout.php(209): Mage_Core_Model_Layout->generateBlocks(Object(Mage_Core_Model_Layout_Element))
#6 /opt/digital/magento/app/code/core/Mage/Core/Controller/Varien/Action.php(345): Mage_Core_Model_Layout->generateBlocks()
#7 /opt/digital/magento/app/code/core/Mage/Core/Controller/Varien/Action.php(270): Mage_Core_Controller_Varien_Action->generateLayoutBlocks()
#8 /opt/digital/magento/app/code/core/Mage/Customer/controllers/AccountController.php(851): Mage_Core_Controller_Varien_Action->loadLayout()
#9 /opt/digital/magento/app/code/core/Mage/Core/Controller/Varien/Action.php(420): Mage_Customer_AccountController->changepasswordAction()
#10 /opt/digital/magento/app/code/core/Mage/Core/Controller/Varien/Router/Standard.php(250): Mage_Core_Controller_Varien_Action->dispatch('changepassword')
#11 /opt/digital/magento/app/code/core/Mage/Core/Controller/Varien/Front.php(176): Mage_Core_Controller_Varien_Router_Standard->match(Object(Mage_Core_Controller_Request_Http))
#12 /opt/digital/magento/app/code/core/Mage/Core/Model/App.php(349): Mage_Core_Controller_Varien_Front->dispatch()
#13 /opt/digital/magento/app/Mage.php(642): Mage_Core_Model_App->run(Array)
#14 /opt/digital/magento/index.php(87): Mage::run('', 'store')
#15 {main}
2014-07-17T08:20:57+00:00 ERR (3): 
exception 'Mage_Core_Exception' with message 'Invalid block type: Mage_Customer_Block_Form_Changepassword' in /opt/digital/magento/app/Mage.php:565
Stack trace:
#0 /opt/digital/magento/app/code/core/Mage/Core/Model/Layout.php(469): Mage::throwException('Invalid block t...')
#1 /opt/digital/magento/app/code/core/Mage/Core/Model/Layout.php(411): Mage_Core_Model_Layout->_getBlockInstance('customer/form_c...', Array)
#2 /opt/digital/magento/app/code/core/Mage/Core/Model/Layout.php(446): Mage_Core_Model_Layout->createBlock('customer/form_c...', 'customer_change...')
#3 /opt/digital/magento/app/code/core/Mage/Core/Model/Layout.php(238): Mage_Core_Model_Layout->addBlock('customer/form_c...', 'customer_change...')
#4 /opt/digital/magento/app/code/core/Mage/Core/Model/Layout.php(204): Mage_Core_Model_Layout->_generateBlock(Object(Mage_Core_Model_Layout_Element), Object(Mage_Core_Model_Layout_Element))
#5 /opt/digital/magento/app/code/core/Mage/Core/Model/Layout.php(209): Mage_Core_Model_Layout->generateBlocks(Object(Mage_Core_Model_Layout_Element))
#6 /opt/digital/magento/app/code/core/Mage/Core/Controller/Varien/Action.php(345): Mage_Core_Model_Layout->generateBlocks()
#7 /opt/digital/magento/app/code/core/Mage/Core/Controller/Varien/Action.php(270): Mage_Core_Controller_Varien_Action->generateLayoutBlocks()
#8 /opt/digital/magento/app/code/core/Mage/Customer/controllers/AccountController.php(851): Mage_Core_Controller_Varien_Action->loadLayout()
#9 /opt/digital/magento/app/code/core/Mage/Core/Controller/Varien/Action.php(420): Mage_Customer_AccountController->changepasswordAction()
#10 /opt/digital/magento/app/code/core/Mage/Core/Controller/Varien/Router/Standard.php(250): Mage_Core_Controller_Varien_Action->dispatch('changepassword')
#11 /opt/digital/magento/app/code/core/Mage/Core/Controller/Varien/Front.php(176): Mage_Core_Controller_Varien_Router_Standard->match(Object(Mage_Core_Controller_Request_Http))
#12 /opt/digital/magento/app/code/core/Mage/Core/Model/App.php(349): Mage_Core_Controller_Varien_Front->dispatch()
#13 /opt/digital/magento/app/Mage.php(642): Mage_Core_Model_App->run(Array)
#14 /opt/digital/magento/index.php(87): Mage::run('', 'store')
#15 {main}
2014-07-17T08:21:08+00:00 ERR (3): 
exception 'Mage_Core_Exception' with message 'Invalid block type: Mage_Customer_Block_Form_Changepassword' in /opt/digital/magento/app/Mage.php:565
Stack trace:
#0 /opt/digital/magento/app/code/core/Mage/Core/Model/Layout.php(469): Mage::throwException('Invalid block t...')
#1 /opt/digital/magento/app/code/core/Mage/Core/Model/Layout.php(411): Mage_Core_Model_Layout->_getBlockInstance('customer/form_c...', Array)
#2 /opt/digital/magento/app/code/core/Mage/Core/Model/Layout.php(446): Mage_Core_Model_Layout->createBlock('customer/form_c...', 'customer_change...')
#3 /opt/digital/magento/app/code/core/Mage/Core/Model/Layout.php(238): Mage_Core_Model_Layout->addBlock('customer/form_c...', 'customer_change...')
#4 /opt/digital/magento/app/code/core/Mage/Core/Model/Layout.php(204): Mage_Core_Model_Layout->_generateBlock(Object(Mage_Core_Model_Layout_Element), Object(Mage_Core_Model_Layout_Element))
#5 /opt/digital/magento/app/code/core/Mage/Core/Model/Layout.php(209): Mage_Core_Model_Layout->generateBlocks(Object(Mage_Core_Model_Layout_Element))
#6 /opt/digital/magento/app/code/core/Mage/Core/Controller/Varien/Action.php(345): Mage_Core_Model_Layout->generateBlocks()
#7 /opt/digital/magento/app/code/core/Mage/Core/Controller/Varien/Action.php(270): Mage_Core_Controller_Varien_Action->generateLayoutBlocks()
#8 /opt/digital/magento/app/code/core/Mage/Customer/controllers/AccountController.php(851): Mage_Core_Controller_Varien_Action->loadLayout()
#9 /opt/digital/magento/app/code/core/Mage/Core/Controller/Varien/Action.php(420): Mage_Customer_AccountController->changepasswordAction()
#10 /opt/digital/magento/app/code/core/Mage/Core/Controller/Varien/Router/Standard.php(250): Mage_Core_Controller_Varien_Action->dispatch('changepassword')
#11 /opt/digital/magento/app/code/core/Mage/Core/Controller/Varien/Front.php(176): Mage_Core_Controller_Varien_Router_Standard->match(Object(Mage_Core_Controller_Request_Http))
#12 /opt/digital/magento/app/code/core/Mage/Core/Model/App.php(349): Mage_Core_Controller_Varien_Front->dispatch()
#13 /opt/digital/magento/app/Mage.php(642): Mage_Core_Model_App->run(Array)
#14 /opt/digital/magento/index.php(87): Mage::run('', 'store')
#15 {main}
2014-07-17T08:21:10+00:00 ERR (3): 
exception 'Mage_Core_Exception' with message 'Invalid block type: Mage_Customer_Block_Form_Changepassword' in /opt/digital/magento/app/Mage.php:565
Stack trace:
#0 /opt/digital/magento/app/code/core/Mage/Core/Model/Layout.php(469): Mage::throwException('Invalid block t...')
#1 /opt/digital/magento/app/code/core/Mage/Core/Model/Layout.php(411): Mage_Core_Model_Layout->_getBlockInstance('customer/form_c...', Array)
#2 /opt/digital/magento/app/code/core/Mage/Core/Model/Layout.php(446): Mage_Core_Model_Layout->createBlock('customer/form_c...', 'customer_change...')
#3 /opt/digital/magento/app/code/core/Mage/Core/Model/Layout.php(238): Mage_Core_Model_Layout->addBlock('customer/form_c...', 'customer_change...')
#4 /opt/digital/magento/app/code/core/Mage/Core/Model/Layout.php(204): Mage_Core_Model_Layout->_generateBlock(Object(Mage_Core_Model_Layout_Element), Object(Mage_Core_Model_Layout_Element))
#5 /opt/digital/magento/app/code/core/Mage/Core/Model/Layout.php(209): Mage_Core_Model_Layout->generateBlocks(Object(Mage_Core_Model_Layout_Element))
#6 /opt/digital/magento/app/code/core/Mage/Core/Controller/Varien/Action.php(345): Mage_Core_Model_Layout->generateBlocks()
#7 /opt/digital/magento/app/code/core/Mage/Core/Controller/Varien/Action.php(270): Mage_Core_Controller_Varien_Action->generateLayoutBlocks()
#8 /opt/digital/magento/app/code/core/Mage/Customer/controllers/AccountController.php(851): Mage_Core_Controller_Varien_Action->loadLayout()
#9 /opt/digital/magento/app/code/core/Mage/Core/Controller/Varien/Action.php(420): Mage_Customer_AccountController->changepasswordAction()
#10 /opt/digital/magento/app/code/core/Mage/Core/Controller/Varien/Router/Standard.php(250): Mage_Core_Controller_Varien_Action->dispatch('changepassword')
#11 /opt/digital/magento/app/code/core/Mage/Core/Controller/Varien/Front.php(176): Mage_Core_Controller_Varien_Router_Standard->match(Object(Mage_Core_Controller_Request_Http))
#12 /opt/digital/magento/app/code/core/Mage/Core/Model/App.php(349): Mage_Core_Controller_Varien_Front->dispatch()
#13 /opt/digital/magento/app/Mage.php(642): Mage_Core_Model_App->run(Array)
#14 /opt/digital/magento/index.php(87): Mage::run('', 'store')
#15 {main}
2014-07-17T08:21:41+00:00 ERR (3): 
exception 'Mage_Core_Exception' with message 'Invalid block type: Mage_Customer_Block_Form_Changepassword' in /opt/digital/magento/app/Mage.php:565
Stack trace:
#0 /opt/digital/magento/app/code/core/Mage/Core/Model/Layout.php(469): Mage::throwException('Invalid block t...')
#1 /opt/digital/magento/app/code/core/Mage/Core/Model/Layout.php(411): Mage_Core_Model_Layout->_getBlockInstance('customer/form_c...', Array)
#2 /opt/digital/magento/app/code/core/Mage/Core/Model/Layout.php(446): Mage_Core_Model_Layout->createBlock('customer/form_c...', 'customer_change...')
#3 /opt/digital/magento/app/code/core/Mage/Core/Model/Layout.php(238): Mage_Core_Model_Layout->addBlock('customer/form_c...', 'customer_change...')
#4 /opt/digital/magento/app/code/core/Mage/Core/Model/Layout.php(204): Mage_Core_Model_Layout->_generateBlock(Object(Mage_Core_Model_Layout_Element), Object(Mage_Core_Model_Layout_Element))
#5 /opt/digital/magento/app/code/core/Mage/Core/Model/Layout.php(209): Mage_Core_Model_Layout->generateBlocks(Object(Mage_Core_Model_Layout_Element))
#6 /opt/digital/magento/app/code/core/Mage/Core/Controller/Varien/Action.php(345): Mage_Core_Model_Layout->generateBlocks()
#7 /opt/digital/magento/app/code/core/Mage/Core/Controller/Varien/Action.php(270): Mage_Core_Controller_Varien_Action->generateLayoutBlocks()
#8 /opt/digital/magento/app/code/core/Mage/Customer/controllers/AccountController.php(851): Mage_Core_Controller_Varien_Action->loadLayout()
#9 /opt/digital/magento/app/code/core/Mage/Core/Controller/Varien/Action.php(420): Mage_Customer_AccountController->changepasswordAction()
#10 /opt/digital/magento/app/code/core/Mage/Core/Controller/Varien/Router/Standard.php(250): Mage_Core_Controller_Varien_Action->dispatch('changepassword')
#11 /opt/digital/magento/app/code/core/Mage/Core/Controller/Varien/Front.php(176): Mage_Core_Controller_Varien_Router_Standard->match(Object(Mage_Core_Controller_Request_Http))
#12 /opt/digital/magento/app/code/core/Mage/Core/Model/App.php(349): Mage_Core_Controller_Varien_Front->dispatch()
#13 /opt/digital/magento/app/Mage.php(642): Mage_Core_Model_App->run(Array)
#14 /opt/digital/magento/index.php(87): Mage::run('', 'store')
#15 {main}
2014-07-17T08:30:40+00:00 ERR (3): 
exception 'Mage_Core_Exception' with message 'Invalid block type: Mage_Customer_Block_Form_Changepassword' in /opt/digital/magento/app/Mage.php:565
Stack trace:
#0 /opt/digital/magento/app/code/core/Mage/Core/Model/Layout.php(469): Mage::throwException('Invalid block t...')
#1 /opt/digital/magento/app/code/core/Mage/Core/Model/Layout.php(411): Mage_Core_Model_Layout->_getBlockInstance('customer/form_c...', Array)
#2 /opt/digital/magento/app/code/core/Mage/Core/Model/Layout.php(446): Mage_Core_Model_Layout->createBlock('customer/form_c...', 'customer_change...')
#3 /opt/digital/magento/app/code/core/Mage/Core/Model/Layout.php(238): Mage_Core_Model_Layout->addBlock('customer/form_c...', 'customer_change...')
#4 /opt/digital/magento/app/code/core/Mage/Core/Model/Layout.php(204): Mage_Core_Model_Layout->_generateBlock(Object(Mage_Core_Model_Layout_Element), Object(Mage_Core_Model_Layout_Element))
#5 /opt/digital/magento/app/code/core/Mage/Core/Model/Layout.php(209): Mage_Core_Model_Layout->generateBlocks(Object(Mage_Core_Model_Layout_Element))
#6 /opt/digital/magento/app/code/core/Mage/Core/Controller/Varien/Action.php(345): Mage_Core_Model_Layout->generateBlocks()
#7 /opt/digital/magento/app/code/core/Mage/Core/Controller/Varien/Action.php(270): Mage_Core_Controller_Varien_Action->generateLayoutBlocks()
#8 /opt/digital/magento/app/code/core/Mage/Customer/controllers/AccountController.php(851): Mage_Core_Controller_Varien_Action->loadLayout()
#9 /opt/digital/magento/app/code/core/Mage/Core/Controller/Varien/Action.php(420): Mage_Customer_AccountController->changepasswordAction()
#10 /opt/digital/magento/app/code/core/Mage/Core/Controller/Varien/Router/Standard.php(250): Mage_Core_Controller_Varien_Action->dispatch('changepassword')
#11 /opt/digital/magento/app/code/core/Mage/Core/Controller/Varien/Front.php(176): Mage_Core_Controller_Varien_Router_Standard->match(Object(Mage_Core_Controller_Request_Http))
#12 /opt/digital/magento/app/code/core/Mage/Core/Model/App.php(349): Mage_Core_Controller_Varien_Front->dispatch()
#13 /opt/digital/magento/app/Mage.php(642): Mage_Core_Model_App->run(Array)
#14 /opt/digital/magento/index.php(87): Mage::run('', 'store')
#15 {main}
2014-07-17T08:35:43+00:00 ERR (3): 
exception 'Mage_Core_Exception' with message 'Invalid block type: Mage_Customer_Block_Form_Changepassword' in /opt/digital/magento/app/Mage.php:565
Stack trace:
#0 /opt/digital/magento/app/code/core/Mage/Core/Model/Layout.php(469): Mage::throwException('Invalid block t...')
#1 /opt/digital/magento/app/code/core/Mage/Core/Model/Layout.php(411): Mage_Core_Model_Layout->_getBlockInstance('customer/form_c...', Array)
#2 /opt/digital/magento/app/code/core/Mage/Core/Model/Layout.php(446): Mage_Core_Model_Layout->createBlock('customer/form_c...', 'customer_form_c...')
#3 /opt/digital/magento/app/code/core/Mage/Core/Model/Layout.php(238): Mage_Core_Model_Layout->addBlock('customer/form_c...', 'customer_form_c...')
#4 /opt/digital/magento/app/code/core/Mage/Core/Model/Layout.php(204): Mage_Core_Model_Layout->_generateBlock(Object(Mage_Core_Model_Layout_Element), Object(Mage_Core_Model_Layout_Element))
#5 /opt/digital/magento/app/code/core/Mage/Core/Model/Layout.php(209): Mage_Core_Model_Layout->generateBlocks(Object(Mage_Core_Model_Layout_Element))
#6 /opt/digital/magento/app/code/core/Mage/Core/Controller/Varien/Action.php(345): Mage_Core_Model_Layout->generateBlocks()
#7 /opt/digital/magento/app/code/core/Mage/Core/Controller/Varien/Action.php(270): Mage_Core_Controller_Varien_Action->generateLayoutBlocks()
#8 /opt/digital/magento/app/code/core/Mage/Customer/controllers/AddressController.php(91): Mage_Core_Controller_Varien_Action->loadLayout()
#9 /opt/digital/magento/app/code/core/Mage/Core/Controller/Varien/Action.php(420): Mage_Customer_AddressController->formAction()
#10 /opt/digital/magento/app/code/core/Mage/Core/Controller/Varien/Router/Standard.php(250): Mage_Core_Controller_Varien_Action->dispatch('form')
#11 /opt/digital/magento/app/code/core/Mage/Core/Controller/Varien/Front.php(176): Mage_Core_Controller_Varien_Router_Standard->match(Object(Mage_Core_Controller_Request_Http))
#12 /opt/digital/magento/app/code/core/Mage/Core/Model/App.php(349): Mage_Core_Controller_Varien_Front->dispatch()
#13 /opt/digital/magento/app/Mage.php(642): Mage_Core_Model_App->run(Array)
#14 /opt/digital/magento/index.php(87): Mage::run('', 'store')
#15 {main}
2014-07-17T08:35:51+00:00 ERR (3): 
exception 'Mage_Core_Exception' with message 'Invalid block type: Mage_Customer_Block_Form_Changepassword' in /opt/digital/magento/app/Mage.php:565
Stack trace:
#0 /opt/digital/magento/app/code/core/Mage/Core/Model/Layout.php(469): Mage::throwException('Invalid block t...')
#1 /opt/digital/magento/app/code/core/Mage/Core/Model/Layout.php(411): Mage_Core_Model_Layout->_getBlockInstance('customer/form_c...', Array)
#2 /opt/digital/magento/app/code/core/Mage/Core/Model/Layout.php(446): Mage_Core_Model_Layout->createBlock('customer/form_c...', 'customer_form_c...')
#3 /opt/digital/magento/app/code/core/Mage/Core/Model/Layout.php(238): Mage_Core_Model_Layout->addBlock('customer/form_c...', 'customer_form_c...')
#4 /opt/digital/magento/app/code/core/Mage/Core/Model/Layout.php(204): Mage_Core_Model_Layout->_generateBlock(Object(Mage_Core_Model_Layout_Element), Object(Mage_Core_Model_Layout_Element))
#5 /opt/digital/magento/app/code/core/Mage/Core/Model/Layout.php(209): Mage_Core_Model_Layout->generateBlocks(Object(Mage_Core_Model_Layout_Element))
#6 /opt/digital/magento/app/code/core/Mage/Core/Controller/Varien/Action.php(345): Mage_Core_Model_Layout->generateBlocks()
#7 /opt/digital/magento/app/code/core/Mage/Core/Controller/Varien/Action.php(270): Mage_Core_Controller_Varien_Action->generateLayoutBlocks()
#8 /opt/digital/magento/app/code/core/Mage/Customer/controllers/AddressController.php(91): Mage_Core_Controller_Varien_Action->loadLayout()
#9 /opt/digital/magento/app/code/core/Mage/Core/Controller/Varien/Action.php(420): Mage_Customer_AddressController->formAction()
#10 /opt/digital/magento/app/code/core/Mage/Core/Controller/Varien/Router/Standard.php(250): Mage_Core_Controller_Varien_Action->dispatch('form')
#11 /opt/digital/magento/app/code/core/Mage/Core/Controller/Varien/Front.php(176): Mage_Core_Controller_Varien_Router_Standard->match(Object(Mage_Core_Controller_Request_Http))
#12 /opt/digital/magento/app/code/core/Mage/Core/Model/App.php(349): Mage_Core_Controller_Varien_Front->dispatch()
#13 /opt/digital/magento/app/Mage.php(642): Mage_Core_Model_App->run(Array)
#14 /opt/digital/magento/index.php(87): Mage::run('', 'store')
#15 {main}
